
AVRASM ver. 2.1.30  E:\3 Comm\ProjectsLabs\Embedded proj\Hard\IC_Tester\IC74166\Debug\List\71466.asm Sat Jan 01 04:13:26 2022

E:\3 Comm\ProjectsLabs\Embedded proj\Hard\IC_Tester\IC74166\Debug\List\71466.asm(1414): warning: Register r5 already defined by the .DEF directive
E:\3 Comm\ProjectsLabs\Embedded proj\Hard\IC_Tester\IC74166\Debug\List\71466.asm(1415): warning: Register r4 already defined by the .DEF directive
                 
                 
                 ;CodeVisionAVR C Compiler V3.46a Evaluation
                 ;(C) Copyright 1998-2021 Pavel Haiduc, HP InfoTech S.R.L.
                 ;http://www.hpinfotech.ro
                 
                 ;Build configuration    : Debug
                 ;Chip type              : ATmega32
                 ;Program type           : Application
                 ;Clock frequency        : 8.000000 MHz
                 ;Memory model           : Small
                 ;Optimize for           : Size
                 ;(s)printf features     : int, width
                 ;(s)scanf features      : int, width
                 ;External RAM size      : 0
                 ;Data Stack size        : 512 byte(s)
                 ;Heap size              : 0 byte(s)
                 ;Promote 'char' to 'int': Yes
                 ;'char' is unsigned     : Yes
                 ;8 bit enums            : Yes
                 ;Global 'const' stored in FLASH: Yes
                 ;Enhanced function parameter passing: Mode 2
                 ;Enhanced core instructions: On
                 ;Automatic register allocation for global variables: On
                 ;Smart register allocation: On
                 
                 	#define _MODEL_SMALL_
                 
                 	#pragma AVRPART ADMIN PART_NAME ATmega32
                 	#pragma AVRPART MEMORY PROG_FLASH 32768
                 	#pragma AVRPART MEMORY EEPROM 1024
                 	#pragma AVRPART MEMORY INT_SRAM SIZE 2048
                 	#pragma AVRPART MEMORY INT_SRAM START_ADDR 0x60
                 
                 	#define CALL_SUPPORTED 1
                 
                 	.LISTMAC
                 	.EQU UDRE=0x5
                 	.EQU RXC=0x7
                 	.EQU USR=0xB
                 	.EQU UDR=0xC
                 	.EQU SPSR=0xE
                 	.EQU SPDR=0xF
                 	.EQU EERE=0x0
                 	.EQU EEWE=0x1
                 	.EQU EEMWE=0x2
                 	.EQU EECR=0x1C
                 	.EQU EEDR=0x1D
                 	.EQU EEARL=0x1E
                 	.EQU EEARH=0x1F
                 	.EQU WDTCR=0x21
                 	.EQU MCUCR=0x35
                 	.EQU GICR=0x3B
                 	.EQU SPL=0x3D
                 	.EQU SPH=0x3E
                 	.EQU SREG=0x3F
                 
                 	.DEF R0X0=R0
                 	.DEF R0X1=R1
                 	.DEF R0X2=R2
                 	.DEF R0X3=R3
                 	.DEF R0X4=R4
                 	.DEF R0X5=R5
                 	.DEF R0X6=R6
                 	.DEF R0X7=R7
                 	.DEF R0X8=R8
                 	.DEF R0X9=R9
                 	.DEF R0XA=R10
                 	.DEF R0XB=R11
                 	.DEF R0XC=R12
                 	.DEF R0XD=R13
                 	.DEF R0XE=R14
                 	.DEF R0XF=R15
                 	.DEF R0X10=R16
                 	.DEF R0X11=R17
                 	.DEF R0X12=R18
                 	.DEF R0X13=R19
                 	.DEF R0X14=R20
                 	.DEF R0X15=R21
                 	.DEF R0X16=R22
                 	.DEF R0X17=R23
                 	.DEF R0X18=R24
                 	.DEF R0X19=R25
                 	.DEF R0X1A=R26
                 	.DEF R0X1B=R27
                 	.DEF R0X1C=R28
                 	.DEF R0X1D=R29
                 	.DEF R0X1E=R30
                 	.DEF R0X1F=R31
                 
                 	.EQU __SRAM_START=0x0060
                 	.EQU __SRAM_END=0x085F
                 	.EQU __DSTACK_SIZE=0x0200
                 	.EQU __HEAP_SIZE=0x0000
                 	.EQU __CLEAR_SRAM_SIZE=__SRAM_END-__SRAM_START+1
                 
                 	.MACRO __CPD1N
                 	CPI  R30,LOW(@0)
                 	LDI  R26,HIGH(@0)
                 	CPC  R31,R26
                 	LDI  R26,BYTE3(@0)
                 	CPC  R22,R26
                 	LDI  R26,BYTE4(@0)
                 	CPC  R23,R26
                 	.ENDM
                 
                 	.MACRO __CPD2N
                 	CPI  R26,LOW(@0)
                 	LDI  R30,HIGH(@0)
                 	CPC  R27,R30
                 	LDI  R30,BYTE3(@0)
                 	CPC  R24,R30
                 	LDI  R30,BYTE4(@0)
                 	CPC  R25,R30
                 	.ENDM
                 
                 	.MACRO __CPWRR
                 	CP   R@0,R@2
                 	CPC  R@1,R@3
                 	.ENDM
                 
                 	.MACRO __CPWRN
                 	CPI  R@0,LOW(@2)
                 	LDI  R30,HIGH(@2)
                 	CPC  R@1,R30
                 	.ENDM
                 
                 	.MACRO __ADDB1MN
                 	SUBI R30,LOW(-@0-(@1))
                 	.ENDM
                 
                 	.MACRO __ADDB2MN
                 	SUBI R26,LOW(-@0-(@1))
                 	.ENDM
                 
                 	.MACRO __ADDW1MN
                 	SUBI R30,LOW(-@0-(@1))
                 	SBCI R31,HIGH(-@0-(@1))
                 	.ENDM
                 
                 	.MACRO __ADDW2MN
                 	SUBI R26,LOW(-@0-(@1))
                 	SBCI R27,HIGH(-@0-(@1))
                 	.ENDM
                 
                 	.MACRO __ADDW1FN
                 	SUBI R30,LOW(-2*@0-(@1))
                 	SBCI R31,HIGH(-2*@0-(@1))
                 	.ENDM
                 
                 	.MACRO __ADDD1FN
                 	SUBI R30,LOW(-2*@0-(@1))
                 	SBCI R31,HIGH(-2*@0-(@1))
                 	SBCI R22,BYTE3(-2*@0-(@1))
                 	.ENDM
                 
                 	.MACRO __ADDD1N
                 	SUBI R30,LOW(-@0)
                 	SBCI R31,HIGH(-@0)
                 	SBCI R22,BYTE3(-@0)
                 	SBCI R23,BYTE4(-@0)
                 	.ENDM
                 
                 	.MACRO __ADDD2N
                 	SUBI R26,LOW(-@0)
                 	SBCI R27,HIGH(-@0)
                 	SBCI R24,BYTE3(-@0)
                 	SBCI R25,BYTE4(-@0)
                 	.ENDM
                 
                 	.MACRO __SUBD1N
                 	SUBI R30,LOW(@0)
                 	SBCI R31,HIGH(@0)
                 	SBCI R22,BYTE3(@0)
                 	SBCI R23,BYTE4(@0)
                 	.ENDM
                 
                 	.MACRO __SUBD2N
                 	SUBI R26,LOW(@0)
                 	SBCI R27,HIGH(@0)
                 	SBCI R24,BYTE3(@0)
                 	SBCI R25,BYTE4(@0)
                 	.ENDM
                 
                 	.MACRO __ANDBMNN
                 	LDS  R30,@0+(@1)
                 	ANDI R30,LOW(@2)
                 	STS  @0+(@1),R30
                 	.ENDM
                 
                 	.MACRO __ANDWMNN
                 	LDS  R30,@0+(@1)
                 	ANDI R30,LOW(@2)
                 	STS  @0+(@1),R30
                 	LDS  R30,@0+(@1)+1
                 	ANDI R30,HIGH(@2)
                 	STS  @0+(@1)+1,R30
                 	.ENDM
                 
                 	.MACRO __ANDD1N
                 	ANDI R30,LOW(@0)
                 	ANDI R31,HIGH(@0)
                 	ANDI R22,BYTE3(@0)
                 	ANDI R23,BYTE4(@0)
                 	.ENDM
                 
                 	.MACRO __ANDD2N
                 	ANDI R26,LOW(@0)
                 	ANDI R27,HIGH(@0)
                 	ANDI R24,BYTE3(@0)
                 	ANDI R25,BYTE4(@0)
                 	.ENDM
                 
                 	.MACRO __ORBMNN
                 	LDS  R30,@0+(@1)
                 	ORI  R30,LOW(@2)
                 	STS  @0+(@1),R30
                 	.ENDM
                 
                 	.MACRO __ORWMNN
                 	LDS  R30,@0+(@1)
                 	ORI  R30,LOW(@2)
                 	STS  @0+(@1),R30
                 	LDS  R30,@0+(@1)+1
                 	ORI  R30,HIGH(@2)
                 	STS  @0+(@1)+1,R30
                 	.ENDM
                 
                 	.MACRO __ORD1N
                 	ORI  R30,LOW(@0)
                 	ORI  R31,HIGH(@0)
                 	ORI  R22,BYTE3(@0)
                 	ORI  R23,BYTE4(@0)
                 	.ENDM
                 
                 	.MACRO __ORD2N
                 	ORI  R26,LOW(@0)
                 	ORI  R27,HIGH(@0)
                 	ORI  R24,BYTE3(@0)
                 	ORI  R25,BYTE4(@0)
                 	.ENDM
                 
                 	.MACRO __DELAY_USB
                 	LDI  R24,LOW(@0)
                 __DELAY_USB_LOOP:
                 	DEC  R24
                 	BRNE __DELAY_USB_LOOP
                 	.ENDM
                 
                 	.MACRO __DELAY_USW
                 	LDI  R24,LOW(@0)
                 	LDI  R25,HIGH(@0)
                 __DELAY_USW_LOOP:
                 	SBIW R24,1
                 	BRNE __DELAY_USW_LOOP
                 	.ENDM
                 
                 	.MACRO __GETW1P
                 	LD   R30,X+
                 	LD   R31,X
                 	SBIW R26,1
                 	.ENDM
                 
                 	.MACRO __GETD1S
                 	LDD  R30,Y+@0
                 	LDD  R31,Y+@0+1
                 	LDD  R22,Y+@0+2
                 	LDD  R23,Y+@0+3
                 	.ENDM
                 
                 	.MACRO __GETD2S
                 	LDD  R26,Y+@0
                 	LDD  R27,Y+@0+1
                 	LDD  R24,Y+@0+2
                 	LDD  R25,Y+@0+3
                 	.ENDM
                 
                 	.MACRO __GETD1P_INC
                 	LD   R30,X+
                 	LD   R31,X+
                 	LD   R22,X+
                 	LD   R23,X+
                 	.ENDM
                 
                 	.MACRO __GETD1P_DEC
                 	LD   R23,-X
                 	LD   R22,-X
                 	LD   R31,-X
                 	LD   R30,-X
                 	.ENDM
                 
                 	.MACRO __PUTDP1
                 	ST   X+,R30
                 	ST   X+,R31
                 	ST   X+,R22
                 	ST   X,R23
                 	.ENDM
                 
                 	.MACRO __PUTDP1_DEC
                 	ST   -X,R23
                 	ST   -X,R22
                 	ST   -X,R31
                 	ST   -X,R30
                 	.ENDM
                 
                 	.MACRO __PUTD1S
                 	STD  Y+@0,R30
                 	STD  Y+@0+1,R31
                 	STD  Y+@0+2,R22
                 	STD  Y+@0+3,R23
                 	.ENDM
                 
                 	.MACRO __PUTD2S
                 	STD  Y+@0,R26
                 	STD  Y+@0+1,R27
                 	STD  Y+@0+2,R24
                 	STD  Y+@0+3,R25
                 	.ENDM
                 
                 	.MACRO __PUTDZ2
                 	STD  Z+@0,R26
                 	STD  Z+@0+1,R27
                 	STD  Z+@0+2,R24
                 	STD  Z+@0+3,R25
                 	.ENDM
                 
                 	.MACRO __CLRD1S
                 	STD  Y+@0,R30
                 	STD  Y+@0+1,R30
                 	STD  Y+@0+2,R30
                 	STD  Y+@0+3,R30
                 	.ENDM
                 
                 	.MACRO __CPD10
                 	SBIW R30,0
                 	SBCI R22,0
                 	SBCI R23,0
                 	.ENDM
                 
                 	.MACRO __CPD20
                 	SBIW R26,0
                 	SBCI R24,0
                 	SBCI R25,0
                 	.ENDM
                 
                 	.MACRO __ADDD12
                 	ADD  R30,R26
                 	ADC  R31,R27
                 	ADC  R22,R24
                 	ADC  R23,R25
                 	.ENDM
                 
                 	.MACRO __ADDD21
                 	ADD  R26,R30
                 	ADC  R27,R31
                 	ADC  R24,R22
                 	ADC  R25,R23
                 	.ENDM
                 
                 	.MACRO __SUBD12
                 	SUB  R30,R26
                 	SBC  R31,R27
                 	SBC  R22,R24
                 	SBC  R23,R25
                 	.ENDM
                 
                 	.MACRO __SUBD21
                 	SUB  R26,R30
                 	SBC  R27,R31
                 	SBC  R24,R22
                 	SBC  R25,R23
                 	.ENDM
                 
                 	.MACRO __ANDD12
                 	AND  R30,R26
                 	AND  R31,R27
                 	AND  R22,R24
                 	AND  R23,R25
                 	.ENDM
                 
                 	.MACRO __ORD12
                 	OR   R30,R26
                 	OR   R31,R27
                 	OR   R22,R24
                 	OR   R23,R25
                 	.ENDM
                 
                 	.MACRO __XORD12
                 	EOR  R30,R26
                 	EOR  R31,R27
                 	EOR  R22,R24
                 	EOR  R23,R25
                 	.ENDM
                 
                 	.MACRO __XORD21
                 	EOR  R26,R30
                 	EOR  R27,R31
                 	EOR  R24,R22
                 	EOR  R25,R23
                 	.ENDM
                 
                 	.MACRO __COMD1
                 	COM  R30
                 	COM  R31
                 	COM  R22
                 	COM  R23
                 	.ENDM
                 
                 	.MACRO __MULD2_2
                 	LSL  R26
                 	ROL  R27
                 	ROL  R24
                 	ROL  R25
                 	.ENDM
                 
                 	.MACRO __LSRD1
                 	LSR  R23
                 	ROR  R22
                 	ROR  R31
                 	ROR  R30
                 	.ENDM
                 
                 	.MACRO __LSLD1
                 	LSL  R30
                 	ROL  R31
                 	ROL  R22
                 	ROL  R23
                 	.ENDM
                 
                 	.MACRO __ASRB4
                 	ASR  R30
                 	ASR  R30
                 	ASR  R30
                 	ASR  R30
                 	.ENDM
                 
                 	.MACRO __ASRW8
                 	MOV  R30,R31
                 	CLR  R31
                 	SBRC R30,7
                 	SER  R31
                 	.ENDM
                 
                 	.MACRO __LSRD16
                 	MOV  R30,R22
                 	MOV  R31,R23
                 	LDI  R22,0
                 	LDI  R23,0
                 	.ENDM
                 
                 	.MACRO __LSLD16
                 	MOV  R22,R30
                 	MOV  R23,R31
                 	LDI  R30,0
                 	LDI  R31,0
                 	.ENDM
                 
                 	.MACRO __CWD1
                 	MOV  R22,R31
                 	ADD  R22,R22
                 	SBC  R22,R22
                 	MOV  R23,R22
                 	.ENDM
                 
                 	.MACRO __CWD2
                 	MOV  R24,R27
                 	ADD  R24,R24
                 	SBC  R24,R24
                 	MOV  R25,R24
                 	.ENDM
                 
                 	.MACRO __SETMSD1
                 	SER  R31
                 	SER  R22
                 	SER  R23
                 	.ENDM
                 
                 	.MACRO __ADDW1R15
                 	CLR  R0
                 	ADD  R30,R15
                 	ADC  R31,R0
                 	.ENDM
                 
                 	.MACRO __ADDW2R15
                 	CLR  R0
                 	ADD  R26,R15
                 	ADC  R27,R0
                 	.ENDM
                 
                 	.MACRO __EQB12
                 	CP   R30,R26
                 	LDI  R30,1
                 	BREQ PC+2
                 	CLR  R30
                 	.ENDM
                 
                 	.MACRO __NEB12
                 	CP   R30,R26
                 	LDI  R30,1
                 	BRNE PC+2
                 	CLR  R30
                 	.ENDM
                 
                 	.MACRO __LEB12
                 	CP   R30,R26
                 	LDI  R30,1
                 	BRGE PC+2
                 	CLR  R30
                 	.ENDM
                 
                 	.MACRO __GEB12
                 	CP   R26,R30
                 	LDI  R30,1
                 	BRGE PC+2
                 	CLR  R30
                 	.ENDM
                 
                 	.MACRO __LTB12
                 	CP   R26,R30
                 	LDI  R30,1
                 	BRLT PC+2
                 	CLR  R30
                 	.ENDM
                 
                 	.MACRO __GTB12
                 	CP   R30,R26
                 	LDI  R30,1
                 	BRLT PC+2
                 	CLR  R30
                 	.ENDM
                 
                 	.MACRO __LEB12U
                 	CP   R30,R26
                 	LDI  R30,1
                 	BRSH PC+2
                 	CLR  R30
                 	.ENDM
                 
                 	.MACRO __GEB12U
                 	CP   R26,R30
                 	LDI  R30,1
                 	BRSH PC+2
                 	CLR  R30
                 	.ENDM
                 
                 	.MACRO __LTB12U
                 	CP   R26,R30
                 	LDI  R30,1
                 	BRLO PC+2
                 	CLR  R30
                 	.ENDM
                 
                 	.MACRO __GTB12U
                 	CP   R30,R26
                 	LDI  R30,1
                 	BRLO PC+2
                 	CLR  R30
                 	.ENDM
                 
                 	.MACRO __CPW01
                 	CLR  R0
                 	CP   R0,R30
                 	CPC  R0,R31
                 	.ENDM
                 
                 	.MACRO __CPW02
                 	CLR  R0
                 	CP   R0,R26
                 	CPC  R0,R27
                 	.ENDM
                 
                 	.MACRO __CPD12
                 	CP   R30,R26
                 	CPC  R31,R27
                 	CPC  R22,R24
                 	CPC  R23,R25
                 	.ENDM
                 
                 	.MACRO __CPD21
                 	CP   R26,R30
                 	CPC  R27,R31
                 	CPC  R24,R22
                 	CPC  R25,R23
                 	.ENDM
                 
                 	.MACRO __BSTB1
                 	CLT
                 	TST  R30
                 	BREQ PC+2
                 	SET
                 	.ENDM
                 
                 	.MACRO __LNEGB1
                 	TST  R30
                 	LDI  R30,1
                 	BREQ PC+2
                 	CLR  R30
                 	.ENDM
                 
                 	.MACRO __LNEGW1
                 	OR   R30,R31
                 	LDI  R30,1
                 	BREQ PC+2
                 	LDI  R30,0
                 	.ENDM
                 
                 	.MACRO __POINTB1MN
                 	LDI  R30,LOW(@0+(@1))
                 	.ENDM
                 
                 	.MACRO __POINTW1MN
                 	LDI  R30,LOW(@0+(@1))
                 	LDI  R31,HIGH(@0+(@1))
                 	.ENDM
                 
                 	.MACRO __POINTD1M
                 	LDI  R30,LOW(@0)
                 	LDI  R31,HIGH(@0)
                 	LDI  R22,BYTE3(@0)
                 	LDI  R23,BYTE4(@0)
                 	.ENDM
                 
                 	.MACRO __POINTW1FN
                 	LDI  R30,LOW(2*@0+(@1))
                 	LDI  R31,HIGH(2*@0+(@1))
                 	.ENDM
                 
                 	.MACRO __POINTD1FN
                 	LDI  R30,LOW(2*@0+(@1))
                 	LDI  R31,HIGH(2*@0+(@1))
                 	LDI  R22,BYTE3(2*@0+(@1))
                 	LDI  R23,BYTE4(2*@0+(@1))
                 	.ENDM
                 
                 	.MACRO __POINTB2MN
                 	LDI  R26,LOW(@0+(@1))
                 	.ENDM
                 
                 	.MACRO __POINTW2MN
                 	LDI  R26,LOW(@0+(@1))
                 	LDI  R27,HIGH(@0+(@1))
                 	.ENDM
                 
                 	.MACRO __POINTD2M
                 	LDI  R26,LOW(@0)
                 	LDI  R27,HIGH(@0)
                 	LDI  R24,BYTE3(@0)
                 	LDI  R25,BYTE4(@0)
                 	.ENDM
                 
                 	.MACRO __POINTW2FN
                 	LDI  R26,LOW(2*@0+(@1))
                 	LDI  R27,HIGH(2*@0+(@1))
                 	.ENDM
                 
                 	.MACRO __POINTD2FN
                 	LDI  R26,LOW(2*@0+(@1))
                 	LDI  R27,HIGH(2*@0+(@1))
                 	LDI  R24,BYTE3(2*@0+(@1))
                 	LDI  R25,BYTE4(2*@0+(@1))
                 	.ENDM
                 
                 	.MACRO __POINTBRM
                 	LDI  R@0,LOW(@1)
                 	.ENDM
                 
                 	.MACRO __POINTWRM
                 	LDI  R@0,LOW(@2)
                 	LDI  R@1,HIGH(@2)
                 	.ENDM
                 
                 	.MACRO __POINTBRMN
                 	LDI  R@0,LOW(@1+(@2))
                 	.ENDM
                 
                 	.MACRO __POINTWRMN
                 	LDI  R@0,LOW(@2+(@3))
                 	LDI  R@1,HIGH(@2+(@3))
                 	.ENDM
                 
                 	.MACRO __POINTWRFN
                 	LDI  R@0,LOW(@2*2+(@3))
                 	LDI  R@1,HIGH(@2*2+(@3))
                 	.ENDM
                 
                 	.MACRO __GETD1N
                 	LDI  R30,LOW(@0)
                 	LDI  R31,HIGH(@0)
                 	LDI  R22,BYTE3(@0)
                 	LDI  R23,BYTE4(@0)
                 	.ENDM
                 
                 	.MACRO __GETD2N
                 	LDI  R26,LOW(@0)
                 	LDI  R27,HIGH(@0)
                 	LDI  R24,BYTE3(@0)
                 	LDI  R25,BYTE4(@0)
                 	.ENDM
                 
                 	.MACRO __GETB1MN
                 	LDS  R30,@0+(@1)
                 	.ENDM
                 
                 	.MACRO __GETB1HMN
                 	LDS  R31,@0+(@1)
                 	.ENDM
                 
                 	.MACRO __GETW1MN
                 	LDS  R30,@0+(@1)
                 	LDS  R31,@0+(@1)+1
                 	.ENDM
                 
                 	.MACRO __GETD1MN
                 	LDS  R30,@0+(@1)
                 	LDS  R31,@0+(@1)+1
                 	LDS  R22,@0+(@1)+2
                 	LDS  R23,@0+(@1)+3
                 	.ENDM
                 
                 	.MACRO __GETBRMN
                 	LDS  R@0,@1+(@2)
                 	.ENDM
                 
                 	.MACRO __GETWRMN
                 	LDS  R@0,@2+(@3)
                 	LDS  R@1,@2+(@3)+1
                 	.ENDM
                 
                 	.MACRO __GETWRZ
                 	LDD  R@0,Z+@2
                 	LDD  R@1,Z+@2+1
                 	.ENDM
                 
                 	.MACRO __GETD2Z
                 	LDD  R26,Z+@0
                 	LDD  R27,Z+@0+1
                 	LDD  R24,Z+@0+2
                 	LDD  R25,Z+@0+3
                 	.ENDM
                 
                 	.MACRO __GETB2MN
                 	LDS  R26,@0+(@1)
                 	.ENDM
                 
                 	.MACRO __GETW2MN
                 	LDS  R26,@0+(@1)
                 	LDS  R27,@0+(@1)+1
                 	.ENDM
                 
                 	.MACRO __GETD2MN
                 	LDS  R26,@0+(@1)
                 	LDS  R27,@0+(@1)+1
                 	LDS  R24,@0+(@1)+2
                 	LDS  R25,@0+(@1)+3
                 	.ENDM
                 
                 	.MACRO __PUTB1MN
                 	STS  @0+(@1),R30
                 	.ENDM
                 
                 	.MACRO __PUTW1MN
                 	STS  @0+(@1),R30
                 	STS  @0+(@1)+1,R31
                 	.ENDM
                 
                 	.MACRO __PUTD1MN
                 	STS  @0+(@1),R30
                 	STS  @0+(@1)+1,R31
                 	STS  @0+(@1)+2,R22
                 	STS  @0+(@1)+3,R23
                 	.ENDM
                 
                 	.MACRO __PUTB1EN
                 	LDI  R26,LOW(@0+(@1))
                 	LDI  R27,HIGH(@0+(@1))
                 	CALL __EEPROMWRB
                 	.ENDM
                 
                 	.MACRO __PUTW1EN
                 	LDI  R26,LOW(@0+(@1))
                 	LDI  R27,HIGH(@0+(@1))
                 	CALL __EEPROMWRW
                 	.ENDM
                 
                 	.MACRO __PUTD1EN
                 	LDI  R26,LOW(@0+(@1))
                 	LDI  R27,HIGH(@0+(@1))
                 	CALL __EEPROMWRD
                 	.ENDM
                 
                 	.MACRO __PUTBR0MN
                 	STS  @0+(@1),R0
                 	.ENDM
                 
                 	.MACRO __PUTBMRN
                 	STS  @0+(@1),R@2
                 	.ENDM
                 
                 	.MACRO __PUTWMRN
                 	STS  @0+(@1),R@2
                 	STS  @0+(@1)+1,R@3
                 	.ENDM
                 
                 	.MACRO __PUTBZR
                 	STD  Z+@1,R@0
                 	.ENDM
                 
                 	.MACRO __PUTWZR
                 	STD  Z+@2,R@0
                 	STD  Z+@2+1,R@1
                 	.ENDM
                 
                 	.MACRO __GETW1R
                 	MOV  R30,R@0
                 	MOV  R31,R@1
                 	.ENDM
                 
                 	.MACRO __GETW2R
                 	MOV  R26,R@0
                 	MOV  R27,R@1
                 	.ENDM
                 
                 	.MACRO __GETWRN
                 	LDI  R@0,LOW(@2)
                 	LDI  R@1,HIGH(@2)
                 	.ENDM
                 
                 	.MACRO __PUTW1R
                 	MOV  R@0,R30
                 	MOV  R@1,R31
                 	.ENDM
                 
                 	.MACRO __PUTW2R
                 	MOV  R@0,R26
                 	MOV  R@1,R27
                 	.ENDM
                 
                 	.MACRO __ADDWRN
                 	SUBI R@0,LOW(-@2)
                 	SBCI R@1,HIGH(-@2)
                 	.ENDM
                 
                 	.MACRO __ADDWRR
                 	ADD  R@0,R@2
                 	ADC  R@1,R@3
                 	.ENDM
                 
                 	.MACRO __SUBWRN
                 	SUBI R@0,LOW(@2)
                 	SBCI R@1,HIGH(@2)
                 	.ENDM
                 
                 	.MACRO __SUBWRR
                 	SUB  R@0,R@2
                 	SBC  R@1,R@3
                 	.ENDM
                 
                 	.MACRO __ANDWRN
                 	ANDI R@0,LOW(@2)
                 	ANDI R@1,HIGH(@2)
                 	.ENDM
                 
                 	.MACRO __ANDWRR
                 	AND  R@0,R@2
                 	AND  R@1,R@3
                 	.ENDM
                 
                 	.MACRO __ORWRN
                 	ORI  R@0,LOW(@2)
                 	ORI  R@1,HIGH(@2)
                 	.ENDM
                 
                 	.MACRO __ORWRR
                 	OR   R@0,R@2
                 	OR   R@1,R@3
                 	.ENDM
                 
                 	.MACRO __EORWRR
                 	EOR  R@0,R@2
                 	EOR  R@1,R@3
                 	.ENDM
                 
                 	.MACRO __GETWRS
                 	LDD  R@0,Y+@2
                 	LDD  R@1,Y+@2+1
                 	.ENDM
                 
                 	.MACRO __PUTBSR
                 	STD  Y+@1,R@0
                 	.ENDM
                 
                 	.MACRO __PUTWSR
                 	STD  Y+@2,R@0
                 	STD  Y+@2+1,R@1
                 	.ENDM
                 
                 	.MACRO __MOVEWRR
                 	MOV  R@0,R@2
                 	MOV  R@1,R@3
                 	.ENDM
                 
                 	.MACRO __INWR
                 	IN   R@0,@2
                 	IN   R@1,@2+1
                 	.ENDM
                 
                 	.MACRO __OUTWR
                 	OUT  @2+1,R@1
                 	OUT  @2,R@0
                 	.ENDM
                 
                 	.MACRO __CALL1MN
                 	LDS  R30,@0+(@1)
                 	LDS  R31,@0+(@1)+1
                 	ICALL
                 	.ENDM
                 
                 	.MACRO __CALL1FN
                 	LDI  R30,LOW(2*@0+(@1))
                 	LDI  R31,HIGH(2*@0+(@1))
                 	CALL __GETW1PF
                 	ICALL
                 	.ENDM
                 
                 	.MACRO __CALL2EN
                 	PUSH R26
                 	PUSH R27
                 	LDI  R26,LOW(@0+(@1))
                 	LDI  R27,HIGH(@0+(@1))
                 	CALL __EEPROMRDW
                 	POP  R27
                 	POP  R26
                 	ICALL
                 	.ENDM
                 
                 	.MACRO __CALL2EX
                 	SUBI R26,LOW(-@0)
                 	SBCI R27,HIGH(-@0)
                 	CALL __EEPROMRDD
                 	ICALL
                 	.ENDM
                 
                 	.MACRO __GETW1STACK
                 	IN   R30,SPL
                 	IN   R31,SPH
                 	ADIW R30,@0+1
                 	LD   R0,Z+
                 	LD   R31,Z
                 	MOV  R30,R0
                 	.ENDM
                 
                 	.MACRO __GETD1STACK
                 	IN   R30,SPL
                 	IN   R31,SPH
                 	ADIW R30,@0+1
                 	LD   R0,Z+
                 	LD   R1,Z+
                 	LD   R22,Z
                 	MOVW R30,R0
                 	.ENDM
                 
                 	.MACRO __NBST
                 	BST  R@0,@1
                 	IN   R30,SREG
                 	LDI  R31,0x40
                 	EOR  R30,R31
                 	OUT  SREG,R30
                 	.ENDM
                 
                 
                 	.MACRO __PUTB1SN
                 	LDD  R26,Y+@0
                 	LDD  R27,Y+@0+1
                 	SUBI R26,LOW(-@1)
                 	SBCI R27,HIGH(-@1)
                 	ST   X,R30
                 	.ENDM
                 
                 	.MACRO __PUTW1SN
                 	LDD  R26,Y+@0
                 	LDD  R27,Y+@0+1
                 	SUBI R26,LOW(-@1)
                 	SBCI R27,HIGH(-@1)
                 	ST   X+,R30
                 	ST   X,R31
                 	.ENDM
                 
                 	.MACRO __PUTD1SN
                 	LDD  R26,Y+@0
                 	LDD  R27,Y+@0+1
                 	SUBI R26,LOW(-@1)
                 	SBCI R27,HIGH(-@1)
                 	ST   X+,R30
                 	ST   X+,R31
                 	ST   X+,R22
                 	ST   X,R23
                 	.ENDM
                 
                 	.MACRO __PUTB1SNS
                 	LDD  R26,Y+@0
                 	LDD  R27,Y+@0+1
                 	ADIW R26,@1
                 	ST   X,R30
                 	.ENDM
                 
                 	.MACRO __PUTW1SNS
                 	LDD  R26,Y+@0
                 	LDD  R27,Y+@0+1
                 	ADIW R26,@1
                 	ST   X+,R30
                 	ST   X,R31
                 	.ENDM
                 
                 	.MACRO __PUTD1SNS
                 	LDD  R26,Y+@0
                 	LDD  R27,Y+@0+1
                 	ADIW R26,@1
                 	ST   X+,R30
                 	ST   X+,R31
                 	ST   X+,R22
                 	ST   X,R23
                 	.ENDM
                 
                 	.MACRO __PUTB1PMN
                 	LDS  R26,@0
                 	LDS  R27,@0+1
                 	SUBI R26,LOW(-@1)
                 	SBCI R27,HIGH(-@1)
                 	ST   X,R30
                 	.ENDM
                 
                 	.MACRO __PUTW1PMN
                 	LDS  R26,@0
                 	LDS  R27,@0+1
                 	SUBI R26,LOW(-@1)
                 	SBCI R27,HIGH(-@1)
                 	ST   X+,R30
                 	ST   X,R31
                 	.ENDM
                 
                 	.MACRO __PUTD1PMN
                 	LDS  R26,@0
                 	LDS  R27,@0+1
                 	SUBI R26,LOW(-@1)
                 	SBCI R27,HIGH(-@1)
                 	ST   X+,R30
                 	ST   X+,R31
                 	ST   X+,R22
                 	ST   X,R23
                 	.ENDM
                 
                 	.MACRO __PUTB1PMNS
                 	LDS  R26,@0
                 	LDS  R27,@0+1
                 	ADIW R26,@1
                 	ST   X,R30
                 	.ENDM
                 
                 	.MACRO __PUTW1PMNS
                 	LDS  R26,@0
                 	LDS  R27,@0+1
                 	ADIW R26,@1
                 	ST   X+,R30
                 	ST   X,R31
                 	.ENDM
                 
                 	.MACRO __PUTD1PMNS
                 	LDS  R26,@0
                 	LDS  R27,@0+1
                 	ADIW R26,@1
                 	ST   X+,R30
                 	ST   X+,R31
                 	ST   X+,R22
                 	ST   X,R23
                 	.ENDM
                 
                 	.MACRO __PUTB1RN
                 	MOVW R26,R@0
                 	SUBI R26,LOW(-@1)
                 	SBCI R27,HIGH(-@1)
                 	ST   X,R30
                 	.ENDM
                 
                 	.MACRO __PUTW1RN
                 	MOVW R26,R@0
                 	SUBI R26,LOW(-@1)
                 	SBCI R27,HIGH(-@1)
                 	ST   X+,R30
                 	ST   X,R31
                 	.ENDM
                 
                 	.MACRO __PUTD1RN
                 	MOVW R26,R@0
                 	SUBI R26,LOW(-@1)
                 	SBCI R27,HIGH(-@1)
                 	ST   X+,R30
                 	ST   X+,R31
                 	ST   X+,R22
                 	ST   X,R23
                 	.ENDM
                 
                 	.MACRO __PUTB1RNS
                 	MOVW R26,R@0
                 	ADIW R26,@1
                 	ST   X,R30
                 	.ENDM
                 
                 	.MACRO __PUTW1RNS
                 	MOVW R26,R@0
                 	ADIW R26,@1
                 	ST   X+,R30
                 	ST   X,R31
                 	.ENDM
                 
                 	.MACRO __PUTD1RNS
                 	MOVW R26,R@0
                 	ADIW R26,@1
                 	ST   X+,R30
                 	ST   X+,R31
                 	ST   X+,R22
                 	ST   X,R23
                 	.ENDM
                 
                 	.MACRO __PUTB1RON
                 	MOV  R26,R@0
                 	MOV  R27,R@1
                 	SUBI R26,LOW(-@2)
                 	SBCI R27,HIGH(-@2)
                 	ST   X,R30
                 	.ENDM
                 
                 	.MACRO __PUTW1RON
                 	MOV  R26,R@0
                 	MOV  R27,R@1
                 	SUBI R26,LOW(-@2)
                 	SBCI R27,HIGH(-@2)
                 	ST   X+,R30
                 	ST   X,R31
                 	.ENDM
                 
                 	.MACRO __PUTD1RON
                 	MOV  R26,R@0
                 	MOV  R27,R@1
                 	SUBI R26,LOW(-@2)
                 	SBCI R27,HIGH(-@2)
                 	ST   X+,R30
                 	ST   X+,R31
                 	ST   X+,R22
                 	ST   X,R23
                 	.ENDM
                 
                 	.MACRO __PUTB1RONS
                 	MOV  R26,R@0
                 	MOV  R27,R@1
                 	ADIW R26,@2
                 	ST   X,R30
                 	.ENDM
                 
                 	.MACRO __PUTW1RONS
                 	MOV  R26,R@0
                 	MOV  R27,R@1
                 	ADIW R26,@2
                 	ST   X+,R30
                 	ST   X,R31
                 	.ENDM
                 
                 	.MACRO __PUTD1RONS
                 	MOV  R26,R@0
                 	MOV  R27,R@1
                 	ADIW R26,@2
                 	ST   X+,R30
                 	ST   X+,R31
                 	ST   X+,R22
                 	ST   X,R23
                 	.ENDM
                 
                 
                 	.MACRO __GETB1SX
                 	MOVW R30,R28
                 	SUBI R30,LOW(-@0)
                 	SBCI R31,HIGH(-@0)
                 	LD   R30,Z
                 	.ENDM
                 
                 	.MACRO __GETB1HSX
                 	MOVW R30,R28
                 	SUBI R30,LOW(-@0)
                 	SBCI R31,HIGH(-@0)
                 	LD   R31,Z
                 	.ENDM
                 
                 	.MACRO __GETW1SX
                 	MOVW R30,R28
                 	SUBI R30,LOW(-@0)
                 	SBCI R31,HIGH(-@0)
                 	CALL __GETW1Z
                 	.ENDM
                 
                 	.MACRO __GETD1SX
                 	MOVW R30,R28
                 	SUBI R30,LOW(-@0)
                 	SBCI R31,HIGH(-@0)
                 	CALL __GETD1Z
                 	.ENDM
                 
                 	.MACRO __GETB2SX
                 	MOVW R26,R28
                 	SUBI R26,LOW(-@0)
                 	SBCI R27,HIGH(-@0)
                 	LD   R26,X
                 	.ENDM
                 
                 	.MACRO __GETW2SX
                 	MOVW R26,R28
                 	SUBI R26,LOW(-@0)
                 	SBCI R27,HIGH(-@0)
                 	CALL __GETW2X
                 	.ENDM
                 
                 	.MACRO __GETD2SX
                 	MOVW R26,R28
                 	SUBI R26,LOW(-@0)
                 	SBCI R27,HIGH(-@0)
                 	CALL __GETD2X
                 	.ENDM
                 
                 	.MACRO __GETBRSX
                 	MOVW R30,R28
                 	SUBI R30,LOW(-@1)
                 	SBCI R31,HIGH(-@1)
                 	LD   R@0,Z
                 	.ENDM
                 
                 	.MACRO __GETWRSX
                 	MOVW R30,R28
                 	SUBI R30,LOW(-@2)
                 	SBCI R31,HIGH(-@2)
                 	LD   R@0,Z+
                 	LD   R@1,Z
                 	.ENDM
                 
                 	.MACRO __GETBRSX2
                 	MOVW R26,R28
                 	SUBI R26,LOW(-@1)
                 	SBCI R27,HIGH(-@1)
                 	LD   R@0,X
                 	.ENDM
                 
                 	.MACRO __GETWRSX2
                 	MOVW R26,R28
                 	SUBI R26,LOW(-@2)
                 	SBCI R27,HIGH(-@2)
                 	LD   R@0,X+
                 	LD   R@1,X
                 	.ENDM
                 
                 	.MACRO __LSLW8SX
                 	MOVW R30,R28
                 	SUBI R30,LOW(-@0)
                 	SBCI R31,HIGH(-@0)
                 	LD   R31,Z
                 	CLR  R30
                 	.ENDM
                 
                 	.MACRO __PUTB1SX
                 	MOVW R26,R28
                 	SUBI R26,LOW(-@0)
                 	SBCI R27,HIGH(-@0)
                 	ST   X,R30
                 	.ENDM
                 
                 	.MACRO __PUTW1SX
                 	MOVW R26,R28
                 	SUBI R26,LOW(-@0)
                 	SBCI R27,HIGH(-@0)
                 	ST   X+,R30
                 	ST   X,R31
                 	.ENDM
                 
                 	.MACRO __PUTD1SX
                 	MOVW R26,R28
                 	SUBI R26,LOW(-@0)
                 	SBCI R27,HIGH(-@0)
                 	ST   X+,R30
                 	ST   X+,R31
                 	ST   X+,R22
                 	ST   X,R23
                 	.ENDM
                 
                 	.MACRO __CLRW1SX
                 	MOVW R26,R28
                 	SUBI R26,LOW(-@0)
                 	SBCI R27,HIGH(-@0)
                 	ST   X+,R30
                 	ST   X,R30
                 	.ENDM
                 
                 	.MACRO __CLRD1SX
                 	MOVW R26,R28
                 	SUBI R26,LOW(-@0)
                 	SBCI R27,HIGH(-@0)
                 	ST   X+,R30
                 	ST   X+,R30
                 	ST   X+,R30
                 	ST   X,R30
                 	.ENDM
                 
                 	.MACRO __PUTB2SX
                 	MOVW R30,R28
                 	SUBI R30,LOW(-@0)
                 	SBCI R31,HIGH(-@0)
                 	ST   Z,R26
                 	.ENDM
                 
                 	.MACRO __PUTW2SX
                 	MOVW R30,R28
                 	SUBI R30,LOW(-@0)
                 	SBCI R31,HIGH(-@0)
                 	ST   Z+,R26
                 	ST   Z,R27
                 	.ENDM
                 
                 	.MACRO __PUTD2SX
                 	MOVW R30,R28
                 	SUBI R30,LOW(-@0)
                 	SBCI R31,HIGH(-@0)
                 	ST   Z+,R26
                 	ST   Z+,R27
                 	ST   Z+,R24
                 	ST   Z,R25
                 	.ENDM
                 
                 	.MACRO __PUTBSRX
                 	MOVW R30,R28
                 	SUBI R30,LOW(-@1)
                 	SBCI R31,HIGH(-@1)
                 	ST   Z,R@0
                 	.ENDM
                 
                 	.MACRO __PUTWSRX
                 	MOVW R30,R28
                 	SUBI R30,LOW(-@2)
                 	SBCI R31,HIGH(-@2)
                 	ST   Z+,R@0
                 	ST   Z,R@1
                 	.ENDM
                 
                 	.MACRO __PUTB1SNX
                 	MOVW R26,R28
                 	SUBI R26,LOW(-@0)
                 	SBCI R27,HIGH(-@0)
                 	LD   R0,X+
                 	LD   R27,X
                 	MOV  R26,R0
                 	SUBI R26,LOW(-@1)
                 	SBCI R27,HIGH(-@1)
                 	ST   X,R30
                 	.ENDM
                 
                 	.MACRO __PUTW1SNX
                 	MOVW R26,R28
                 	SUBI R26,LOW(-@0)
                 	SBCI R27,HIGH(-@0)
                 	LD   R0,X+
                 	LD   R27,X
                 	MOV  R26,R0
                 	SUBI R26,LOW(-@1)
                 	SBCI R27,HIGH(-@1)
                 	ST   X+,R30
                 	ST   X,R31
                 	.ENDM
                 
                 	.MACRO __PUTD1SNX
                 	MOVW R26,R28
                 	SUBI R26,LOW(-@0)
                 	SBCI R27,HIGH(-@0)
                 	LD   R0,X+
                 	LD   R27,X
                 	MOV  R26,R0
                 	SUBI R26,LOW(-@1)
                 	SBCI R27,HIGH(-@1)
                 	ST   X+,R30
                 	ST   X+,R31
                 	ST   X+,R22
                 	ST   X,R23
                 	.ENDM
                 
                 	.MACRO __MULBRR
                 	MULS R@0,R@1
                 	MOVW R30,R0
                 	.ENDM
                 
                 	.MACRO __MULBRRU
                 	MUL  R@0,R@1
                 	MOVW R30,R0
                 	.ENDM
                 
                 	.MACRO __MULBRR0
                 	MULS R@0,R@1
                 	.ENDM
                 
                 	.MACRO __MULBRRU0
                 	MUL  R@0,R@1
                 	.ENDM
                 
                 	.MACRO __MULBNWRU
                 	LDI  R26,@2
                 	MUL  R26,R@0
                 	MOVW R30,R0
                 	MUL  R26,R@1
                 	ADD  R31,R0
                 	.ENDM
                 
                 ;NAME DEFINITIONS FOR GLOBAL VARIABLES ALLOCATED TO REGISTERS
                 	.DEF _i=R5
                 	.DEF _j=R4
                 
                 	.CSEG
                 	.ORG 0x00
                 
                 ;START OF CODE MARKER
                 __START_OF_CODE:
                 
                 ;INTERRUPT VECTORS
000000 940c 002a 	JMP  __RESET
000002 940c 0000 	JMP  0x00
000004 940c 0000 	JMP  0x00
000006 940c 0000 	JMP  0x00
000008 940c 0000 	JMP  0x00
00000a 940c 0000 	JMP  0x00
00000c 940c 0000 	JMP  0x00
00000e 940c 0000 	JMP  0x00
000010 940c 0000 	JMP  0x00
000012 940c 0000 	JMP  0x00
000014 940c 0000 	JMP  0x00
000016 940c 0000 	JMP  0x00
000018 940c 0000 	JMP  0x00
00001a 940c 0000 	JMP  0x00
00001c 940c 0000 	JMP  0x00
00001e 940c 0000 	JMP  0x00
000020 940c 0000 	JMP  0x00
000022 940c 0000 	JMP  0x00
000024 940c 0000 	JMP  0x00
000026 940c 0000 	JMP  0x00
000028 940c 0000 	JMP  0x00
                 
                 __RESET:
00002a 94f8      	CLI
00002b 27ee      	CLR  R30
00002c bbec      	OUT  EECR,R30
                 
                 ;INTERRUPT VECTORS ARE PLACED
                 ;AT THE START OF FLASH
00002d e0f1      	LDI  R31,1
00002e bffb      	OUT  GICR,R31
00002f bfeb      	OUT  GICR,R30
000030 bfe5      	OUT  MCUCR,R30
                 
                 ;CLEAR R2-R14
000031 e08d      	LDI  R24,(14-2)+1
000032 e0a2      	LDI  R26,2
000033 27bb      	CLR  R27
                 __CLEAR_REG:
000034 93ed      	ST   X+,R30
000035 958a      	DEC  R24
000036 f7e9      	BRNE __CLEAR_REG
                 
                 ;CLEAR SRAM
000037 e080      	LDI  R24,LOW(__CLEAR_SRAM_SIZE)
000038 e098      	LDI  R25,HIGH(__CLEAR_SRAM_SIZE)
000039 e6a0      	LDI  R26,__SRAM_START
                 __CLEAR_SRAM:
00003a 93ed      	ST   X+,R30
00003b 9701      	SBIW R24,1
00003c f7e9      	BRNE __CLEAR_SRAM
                 
                 ;HARDWARE STACK POINTER INITIALIZATION
00003d e5ef      	LDI  R30,LOW(__SRAM_END-__HEAP_SIZE)
00003e bfed      	OUT  SPL,R30
00003f e0e8      	LDI  R30,HIGH(__SRAM_END-__HEAP_SIZE)
000040 bfee      	OUT  SPH,R30
                 
                 ;DATA STACK POINTER INITIALIZATION
000041 e6c0      	LDI  R28,LOW(__SRAM_START+__DSTACK_SIZE)
000042 e0d2      	LDI  R29,HIGH(__SRAM_START+__DSTACK_SIZE)
                 
000043 940c 00ec 	JMP  _main
                 
                 	.ESEG
                 	.ORG 0x00
                 
                 	.DSEG
                 	.ORG 0x260
                 
                 	.CSEG
                 	#ifndef __SLEEP_DEFINED__
                 	#define __SLEEP_DEFINED__
                 	.EQU __se_bit=0x80
                 	.EQU __sm_mask=0x70
                 	.EQU __sm_powerdown=0x20
                 	.EQU __sm_powersave=0x30
                 	.EQU __sm_standby=0x60
                 	.EQU __sm_ext_standby=0x70
                 	.EQU __sm_adc_noise_red=0x10
                 	.SET power_ctrl_reg=mcucr
                 	#endif
                 ;void IC74166(void){
                 ; 0000 003B void IC74166(void){
                 
                 	.CSEG
                 _IC74166:
                 ; .FSTART _IC74166
                 ; 0000 003C 
                 ; 0000 003D char D = 0b01010101;
                 ; 0000 003E char X = 0;
                 ; 0000 003F char temp = 0;
                 ; 0000 0040 
                 ; 0000 0041 PISO_CLK_INH = LOW;
000045 d0dc      	RCALL __SAVELOCR4
                 ;	D -> R17
                 ;	X -> R16
                 ;	temp -> R19
000046 e515      	LDI  R17,85
000047 e000      	LDI  R16,0
000048 e030      	LDI  R19,0
000049 98ad      	CBI  0x15,5
                 ; 0000 0042 PISO_CLK = LOW;
00004a 98ae      	CBI  0x15,6
                 ; 0000 0043 
                 ; 0000 0044 PISO_CLR_ = HIGH;
00004b 9ad8      	SBI  0x1B,0
                 ; 0000 0045 PISO_LOAD_ = HIGH;
00004c 9ade      	SBI  0x1B,6
                 ; 0000 0046 for(i=0;i<2;i++){
00004d 2455      	CLR  R5
                 _0xC:
00004e e0e2      	LDI  R30,LOW(2)
00004f 165e      	CP   R5,R30
000050 f518      	BRSH _0xD
                 ; 0000 0047 X = D;
000051 2f01      	MOV  R16,R17
                 ; 0000 0048 for(j=0;j<8;j++){
000052 2444      	CLR  R4
                 _0xF:
000053 e0e8      	LDI  R30,LOW(8)
000054 164e      	CP   R4,R30
000055 f478      	BRSH _0x10
                 ; 0000 0049 //SERIAL IN TRIAL
                 ; 0000 004A temp = (X & 0b11111111) % 2;
000056 2fe0      	MOV  R30,R16
000057 e0f0      	LDI  R31,0
000058 e0a1      	LDI  R26,LOW(1)
000059 e0b0      	LDI  R27,HIGH(1)
00005a d0de      	RCALL __MANDW12
00005b 2f3e      	MOV  R19,R30
                 ; 0000 004B PISO_SI = temp;
00005c 3030      	CPI  R19,0
00005d f411      	BRNE _0x11
00005e 98a8      	CBI  0x15,0
00005f c001      	RJMP _0x12
                 _0x11:
000060 9aa8      	SBI  0x15,0
                 _0x12:
                 ; 0000 004C X = (X>>1);
000061 9506      	LSR  R16
                 ; 0000 004D PISO_CLK = HIGH;
000062 d09d      	RCALL SUBOPT_0x0
                 ; 0000 004E PISO_CLK = LOW;
                 ; 0000 004F delay_ms(200);
                 ; 0000 0050 }
000063 9443      	INC  R4
000064 cfee      	RJMP _0xF
                 _0x10:
                 ; 0000 0051 X = 0;
000065 e000      	LDI  R16,LOW(0)
                 ; 0000 0052 for(j=0;j<8;j++){
000066 2444      	CLR  R4
                 _0x18:
000067 e0e8      	LDI  R30,LOW(8)
000068 164e      	CP   R4,R30
000069 f420      	BRSH _0x19
                 ; 0000 0053 //CHECK SERIAL-IN OUTPUT
                 ; 0000 0054 X = (X>>1)|((PISO_SO)<<7);
00006a d09a      	RCALL SUBOPT_0x1
                 ; 0000 0055 PISO_CLK = HIGH;
00006b d094      	RCALL SUBOPT_0x0
                 ; 0000 0056 PISO_CLK = LOW;
                 ; 0000 0057 delay_ms(200);
                 ; 0000 0058 }
00006c 9443      	INC  R4
00006d cff9      	RJMP _0x18
                 _0x19:
                 ; 0000 0059 if(X == D){
00006e 1710      	CP   R17,R16
00006f f409      	BRNE _0x1E
                 ; 0000 005A LED=HIGH;
000070 d0a1      	RCALL SUBOPT_0x2
                 ; 0000 005B delay_ms(500);
                 ; 0000 005C LED=LOW;
                 ; 0000 005D }
                 ; 0000 005E D = D^0b11111111;
                 _0x1E:
000071 d0a6      	RCALL SUBOPT_0x3
                 ; 0000 005F delay_ms(200);
                 ; 0000 0060 }
000072 9453      	INC  R5
000073 cfda      	RJMP _0xC
                 _0xD:
                 ; 0000 0061 delay_ms(1000);
000074 eea8      	LDI  R26,LOW(1000)
000075 e0b3      	LDI  R27,HIGH(1000)
000076 d0cc      	RCALL _delay_ms
                 ; 0000 0062 for(i=0;i<2;i++){
000077 2455      	CLR  R5
                 _0x24:
000078 e0e2      	LDI  R30,LOW(2)
000079 165e      	CP   R5,R30
00007a f008      	BRLO PC+2
00007b c05c      	RJMP _0x25
                 ; 0000 0063 PISO_LOAD_ = LOW;
00007c 98de      	CBI  0x1B,6
                 ; 0000 0064 //PARALLEL-IN OUTPUT TEST
                 ; 0000 0065 PISO_D0 = ((D&0b10000000)>>7);
00007d 2fe1      	MOV  R30,R17
00007e 78e0      	ANDI R30,LOW(0x80)
00007f e0f0      	LDI  R31,0
000080 d0b1      	RCALL __ASRW3
000081 d0ae      	RCALL __ASRW4
000082 30e0      	CPI  R30,0
000083 f411      	BRNE _0x28
000084 98a9      	CBI  0x15,1
000085 c001      	RJMP _0x29
                 _0x28:
000086 9aa9      	SBI  0x15,1
                 _0x29:
                 ; 0000 0066 PISO_D1 = ((D&0b01000000)>>6);
000087 2fe1      	MOV  R30,R17
000088 74e0      	ANDI R30,LOW(0x40)
000089 e0f0      	LDI  R31,0
00008a d0a9      	RCALL __ASRW2
00008b d0a4      	RCALL __ASRW4
00008c 30e0      	CPI  R30,0
00008d f411      	BRNE _0x2A
00008e 98aa      	CBI  0x15,2
00008f c001      	RJMP _0x2B
                 _0x2A:
000090 9aaa      	SBI  0x15,2
                 _0x2B:
                 ; 0000 0067 PISO_D2 = ((D&0b00100000)>>5);
000091 2fe1      	MOV  R30,R17
000092 72e0      	ANDI R30,LOW(0x20)
000093 e0f0      	LDI  R31,0
000094 95f5      	ASR  R31
000095 95e7      	ROR  R30
000096 d099      	RCALL __ASRW4
000097 30e0      	CPI  R30,0
000098 f411      	BRNE _0x2C
000099 98ab      	CBI  0x15,3
00009a c001      	RJMP _0x2D
                 _0x2C:
00009b 9aab      	SBI  0x15,3
                 _0x2D:
                 ; 0000 0068 PISO_D3 = ((D&0b00010000)>>4);
00009c 2fe1      	MOV  R30,R17
00009d 71e0      	ANDI R30,LOW(0x10)
00009e e0f0      	LDI  R31,0
00009f d090      	RCALL __ASRW4
0000a0 30e0      	CPI  R30,0
0000a1 f411      	BRNE _0x2E
0000a2 98ac      	CBI  0x15,4
0000a3 c001      	RJMP _0x2F
                 _0x2E:
0000a4 9aac      	SBI  0x15,4
                 _0x2F:
                 ; 0000 0069 PISO_D4 = ((D&0b00001000)>>3);
0000a5 2fe1      	MOV  R30,R17
0000a6 70e8      	ANDI R30,LOW(0x8)
0000a7 e0f0      	LDI  R31,0
0000a8 d089      	RCALL __ASRW3
0000a9 30e0      	CPI  R30,0
0000aa f411      	BRNE _0x30
0000ab 98d9      	CBI  0x1B,1
0000ac c001      	RJMP _0x31
                 _0x30:
0000ad 9ad9      	SBI  0x1B,1
                 _0x31:
                 ; 0000 006A PISO_D5 = ((D&0b00000100)>>2);
0000ae 2fe1      	MOV  R30,R17
0000af 70e4      	ANDI R30,LOW(0x4)
0000b0 e0f0      	LDI  R31,0
0000b1 d082      	RCALL __ASRW2
0000b2 30e0      	CPI  R30,0
0000b3 f411      	BRNE _0x32
0000b4 98da      	CBI  0x1B,2
0000b5 c001      	RJMP _0x33
                 _0x32:
0000b6 9ada      	SBI  0x1B,2
                 _0x33:
                 ; 0000 006B PISO_D6 = ((D&0b10000010)>>1);
0000b7 2fe1      	MOV  R30,R17
0000b8 78e2      	ANDI R30,LOW(0x82)
0000b9 e0f0      	LDI  R31,0
0000ba 95f5      	ASR  R31
0000bb 95e7      	ROR  R30
0000bc 30e0      	CPI  R30,0
0000bd f411      	BRNE _0x34
0000be 98db      	CBI  0x1B,3
0000bf c001      	RJMP _0x35
                 _0x34:
0000c0 9adb      	SBI  0x1B,3
                 _0x35:
                 ; 0000 006C PISO_D7 = (D&0b00000001);
0000c1 fd10      	SBRC R17,0
0000c2 c002      	RJMP _0x36
0000c3 98dd      	CBI  0x1B,5
0000c4 c001      	RJMP _0x37
                 _0x36:
0000c5 9add      	SBI  0x1B,5
                 _0x37:
                 ; 0000 006D PISO_CLK = HIGH;
0000c6 9aae      	SBI  0x15,6
                 ; 0000 006E PISO_CLK = LOW;
0000c7 98ae      	CBI  0x15,6
                 ; 0000 006F PISO_LOAD_ = HIGH;
0000c8 9ade      	SBI  0x1B,6
                 ; 0000 0070 X=0;
0000c9 e000      	LDI  R16,LOW(0)
                 ; 0000 0071 for(j=0;j<8;j++){
0000ca 2444      	CLR  R4
                 _0x3F:
0000cb e0e8      	LDI  R30,LOW(8)
0000cc 164e      	CP   R4,R30
0000cd f420      	BRSH _0x40
                 ; 0000 0072 //PARALLEL-IN OUTPUT CHECK
                 ; 0000 0073 X = (X>>1)|((PISO_SO<<7));
0000ce d036      	RCALL SUBOPT_0x1
                 ; 0000 0074 PISO_CLK = HIGH;
0000cf d04d      	RCALL SUBOPT_0x4
                 ; 0000 0075 PISO_CLK = LOW;
                 ; 0000 0076 delay_ms(500);
                 ; 0000 0077 }
0000d0 9443      	INC  R4
0000d1 cff9      	RJMP _0x3F
                 _0x40:
                 ; 0000 0078 if(X==D){
0000d2 1710      	CP   R17,R16
0000d3 f409      	BRNE _0x45
                 ; 0000 0079 LED = HIGH;
0000d4 d03d      	RCALL SUBOPT_0x2
                 ; 0000 007A delay_ms(500);
                 ; 0000 007B LED = LOW;
                 ; 0000 007C }
                 ; 0000 007D D = D^0b111111111;
                 _0x45:
0000d5 d042      	RCALL SUBOPT_0x3
                 ; 0000 007E delay_ms(200);
                 ; 0000 007F }
0000d6 9453      	INC  R5
0000d7 cfa0      	RJMP _0x24
                 _0x25:
                 ; 0000 0080 
                 ; 0000 0081 PISO_CLR_ = LOW;
0000d8 98d8      	CBI  0x1B,0
                 ; 0000 0082 delay_ms(1000);
0000d9 eea8      	LDI  R26,LOW(1000)
0000da e0b3      	LDI  R27,HIGH(1000)
0000db d067      	RCALL _delay_ms
                 ; 0000 0083 PISO_CLR_ = HIGH;
0000dc 9ad8      	SBI  0x1B,0
                 ; 0000 0084 
                 ; 0000 0085 X = 0;
0000dd e000      	LDI  R16,LOW(0)
                 ; 0000 0086 for(j=0;j<8;j++){
0000de 2444      	CLR  R4
                 _0x4F:
0000df e0e8      	LDI  R30,LOW(8)
0000e0 164e      	CP   R4,R30
0000e1 f420      	BRSH _0x50
                 ; 0000 0087 //CLEAR CHECK
                 ; 0000 0088 X = (X>>1)|((PISO_SO)<<7);
0000e2 d022      	RCALL SUBOPT_0x1
                 ; 0000 0089 PISO_CLK = HIGH;
0000e3 d039      	RCALL SUBOPT_0x4
                 ; 0000 008A PISO_CLK = LOW;
                 ; 0000 008B delay_ms(500);
                 ; 0000 008C }
0000e4 9443      	INC  R4
0000e5 cff9      	RJMP _0x4F
                 _0x50:
                 ; 0000 008D if(X == 0){
0000e6 3000      	CPI  R16,0
0000e7 f409      	BRNE _0x55
                 ; 0000 008E LED = HIGH;
0000e8 d029      	RCALL SUBOPT_0x2
                 ; 0000 008F delay_ms(500);
                 ; 0000 0090 LED = LOW;
                 ; 0000 0091 }
                 ; 0000 0092 return;
                 _0x55:
0000e9 d03d      	RCALL __LOADLOCR4
0000ea 9624      	ADIW R28,4
0000eb 9508      	RET
                 ; 0000 0093 
                 ; 0000 0094 }
                 ; .FEND
                 ;void main(void)
                 ; 0000 009A {
                 _main:
                 ; .FSTART _main
                 ; 0000 009B // Declare your local variables here
                 ; 0000 009C 
                 ; 0000 009D // Input/Output Ports initialization
                 ; 0000 009E // Port A initialization
                 ; 0000 009F // Function: Bit7=In Bit6=Out Bit5=Out Bit4=In Bit3=Out Bit2=Out Bit1=Out Bit0=Out
                 ; 0000 00A0 DDRA=(0<<DDA7) | (1<<DDA6) | (1<<DDA5) | (0<<DDA4) | (1<<DDA3) | (1<<DDA2) | (1<<DDA1) | (1<<DDA0);
0000ec e6ef      	LDI  R30,LOW(111)
0000ed bbea      	OUT  0x1A,R30
                 ; 0000 00A1 // State: Bit7=T Bit6=0 Bit5=0 Bit4=T Bit3=0 Bit2=0 Bit1=0 Bit0=0
                 ; 0000 00A2 PORTA=(0<<PORTA7) | (0<<PORTA6) | (0<<PORTA5) | (0<<PORTA4) | (0<<PORTA3) | (0<<PORTA2) | (0<<PORTA1) | (0<<PORTA0);
0000ee e0e0      	LDI  R30,LOW(0)
0000ef bbeb      	OUT  0x1B,R30
                 ; 0000 00A3 
                 ; 0000 00A4 // Port B initialization
                 ; 0000 00A5 // Function: Bit7=In Bit6=In Bit5=In Bit4=In Bit3=In Bit2=In Bit1=In Bit0=In
                 ; 0000 00A6 DDRB=(0<<DDB7) | (0<<DDB6) | (0<<DDB5) | (0<<DDB4) | (0<<DDB3) | (0<<DDB2) | (0<<DDB1) | (0<<DDB0);
0000f0 bbe7      	OUT  0x17,R30
                 ; 0000 00A7 // State: Bit7=T Bit6=T Bit5=T Bit4=T Bit3=T Bit2=T Bit1=T Bit0=T
                 ; 0000 00A8 PORTB=(0<<PORTB7) | (0<<PORTB6) | (0<<PORTB5) | (0<<PORTB4) | (0<<PORTB3) | (0<<PORTB2) | (0<<PORTB1) | (0<<PORTB0);
0000f1 bbe8      	OUT  0x18,R30
                 ; 0000 00A9 
                 ; 0000 00AA // Port C initialization
                 ; 0000 00AB // Function: Bit7=In Bit6=Out Bit5=Out Bit4=Out Bit3=Out Bit2=Out Bit1=Out Bit0=Out
                 ; 0000 00AC DDRC=(0<<DDC7) | (1<<DDC6) | (1<<DDC5) | (1<<DDC4) | (1<<DDC3) | (1<<DDC2) | (1<<DDC1) | (1<<DDC0);
0000f2 e7ef      	LDI  R30,LOW(127)
0000f3 bbe4      	OUT  0x14,R30
                 ; 0000 00AD // State: Bit7=T Bit6=0 Bit5=0 Bit4=0 Bit3=0 Bit2=0 Bit1=0 Bit0=0
                 ; 0000 00AE PORTC=(0<<PORTC7) | (0<<PORTC6) | (0<<PORTC5) | (0<<PORTC4) | (0<<PORTC3) | (0<<PORTC2) | (0<<PORTC1) | (0<<PORTC0);
0000f4 e0e0      	LDI  R30,LOW(0)
0000f5 bbe5      	OUT  0x15,R30
                 ; 0000 00AF 
                 ; 0000 00B0 // Port D initialization
                 ; 0000 00B1 // Function: Bit7=Out Bit6=In Bit5=In Bit4=In Bit3=In Bit2=In Bit1=In Bit0=In
                 ; 0000 00B2 DDRD=(1<<DDD7) | (0<<DDD6) | (0<<DDD5) | (0<<DDD4) | (0<<DDD3) | (0<<DDD2) | (0<<DDD1) | (0<<DDD0);
0000f6 e8e0      	LDI  R30,LOW(128)
0000f7 bbe1      	OUT  0x11,R30
                 ; 0000 00B3 // State: Bit7=0 Bit6=T Bit5=T Bit4=T Bit3=T Bit2=T Bit1=T Bit0=T
                 ; 0000 00B4 PORTD=(0<<PORTD7) | (0<<PORTD6) | (0<<PORTD5) | (0<<PORTD4) | (0<<PORTD3) | (0<<PORTD2) | (0<<PORTD1) | (0<<PORTD0);
0000f8 e0e0      	LDI  R30,LOW(0)
0000f9 bbe2      	OUT  0x12,R30
                 ; 0000 00B5 
                 ; 0000 00B6 
                 ; 0000 00B7 while (1)
                 _0x5A:
                 ; 0000 00B8 {
                 ; 0000 00B9 // Place your code here
                 ; 0000 00BA IC74166();
0000fa df4a      	RCALL _IC74166
                 ; 0000 00BB delay_ms(1000);
0000fb eea8      	LDI  R26,LOW(1000)
0000fc e0b3      	LDI  R27,HIGH(1000)
0000fd d045      	RCALL _delay_ms
                 ; 0000 00BC }
0000fe cffb      	RJMP _0x5A
                 ; 0000 00BD }
                 _0x5D:
0000ff cfff      	RJMP _0x5D
                 ; .FEND
                 
                 	.CSEG
                 ;OPTIMIZER ADDED SUBROUTINE, CALLED 2 TIMES, CODE SIZE REDUCTION:2 WORDS
                 SUBOPT_0x0:
000100 9aae      	SBI  0x15,6
000101 98ae      	CBI  0x15,6
000102 eca8      	LDI  R26,LOW(200)
000103 e0b0      	LDI  R27,0
000104 c03e      	RJMP _delay_ms
                 
                 ;OPTIMIZER ADDED SUBROUTINE, CALLED 3 TIMES, CODE SIZE REDUCTION:20 WORDS
                 SUBOPT_0x1:
000105 2fe0      	MOV  R30,R16
000106 95e6      	LSR  R30
000107 2e0e      	MOV  R0,R30
000108 e0a0      	LDI  R26,0
000109 99cc      	SBIC 0x19,4
00010a e0a1      	LDI  R26,1
00010b 2fea      	MOV  R30,R26
00010c 95e7      	ROR  R30
00010d e0e0      	LDI  R30,0
00010e 95e7      	ROR  R30
00010f 29e0      	OR   R30,R0
000110 2f0e      	MOV  R16,R30
000111 9508      	RET
                 
                 ;OPTIMIZER ADDED SUBROUTINE, CALLED 3 TIMES, CODE SIZE REDUCTION:6 WORDS
                 SUBOPT_0x2:
000112 9a97      	SBI  0x12,7
000113 efa4      	LDI  R26,LOW(500)
000114 e0b1      	LDI  R27,HIGH(500)
000115 d02d      	RCALL _delay_ms
000116 9897      	CBI  0x12,7
000117 9508      	RET
                 
                 ;OPTIMIZER ADDED SUBROUTINE, CALLED 2 TIMES, CODE SIZE REDUCTION:2 WORDS
                 SUBOPT_0x3:
000118 efef      	LDI  R30,LOW(255)
000119 271e      	EOR  R17,R30
00011a eca8      	LDI  R26,LOW(200)
00011b e0b0      	LDI  R27,0
00011c c026      	RJMP _delay_ms
                 
                 ;OPTIMIZER ADDED SUBROUTINE, CALLED 2 TIMES, CODE SIZE REDUCTION:2 WORDS
                 SUBOPT_0x4:
00011d 9aae      	SBI  0x15,6
00011e 98ae      	CBI  0x15,6
00011f efa4      	LDI  R26,LOW(500)
000120 e0b1      	LDI  R27,HIGH(500)
000121 c021      	RJMP _delay_ms
                 
                 ;RUNTIME LIBRARY
                 
                 	.CSEG
                 __SAVELOCR4:
000122 933a      	ST   -Y,R19
                 __SAVELOCR3:
000123 932a      	ST   -Y,R18
                 __SAVELOCR2:
000124 931a      	ST   -Y,R17
000125 930a      	ST   -Y,R16
000126 9508      	RET
                 
                 __LOADLOCR4:
000127 813b      	LDD  R19,Y+3
                 __LOADLOCR3:
000128 812a      	LDD  R18,Y+2
                 __LOADLOCR2:
000129 8119      	LDD  R17,Y+1
00012a 8108      	LD   R16,Y
00012b 9508      	RET
                 
                 __ANEGW1:
00012c 95f1      	NEG  R31
00012d 95e1      	NEG  R30
00012e 40f0      	SBCI R31,0
00012f 9508      	RET
                 
                 __ASRW4:
000130 95f5      	ASR  R31
000131 95e7      	ROR  R30
                 __ASRW3:
000132 95f5      	ASR  R31
000133 95e7      	ROR  R30
                 __ASRW2:
000134 95f5      	ASR  R31
000135 95e7      	ROR  R30
000136 95f5      	ASR  R31
000137 95e7      	ROR  R30
000138 9508      	RET
                 
                 __MANDW12:
000139 94e8      	CLT
00013a fff7      	SBRS R31,7
00013b c002      	RJMP __MANDW121
00013c dfef      	RCALL __ANEGW1
00013d 9468      	SET
                 __MANDW121:
00013e 23ea      	AND  R30,R26
00013f 23fb      	AND  R31,R27
000140 f40e      	BRTC __MANDW122
000141 dfea      	RCALL __ANEGW1
                 __MANDW122:
000142 9508      	RET
                 
                 _delay_ms:
000143 9610      	adiw r26,0
000144 f039      	breq __delay_ms1
                 __delay_ms0:
000145 95a8      	wdr
                +
000146 ed80     +LDI R24 , LOW ( 0x7D0 )
000147 e097     +LDI R25 , HIGH ( 0x7D0 )
                +__DELAY_USW_LOOP :
000148 9701     +SBIW R24 , 1
000149 f7f1     +BRNE __DELAY_USW_LOOP
                 	__DELAY_USW 0x7D0
00014a 9711      	sbiw r26,1
00014b f7c9      	brne __delay_ms0
                 __delay_ms1:
00014c 9508      	ret
                 
                 ;END OF CODE MARKER
                 __END_OF_CODE:


RESOURCE USE INFORMATION
------------------------

Notice:
The register and instruction counts are symbol table hit counts,
and hence implicitly used resources are not counted, eg, the
'lpm' instruction without operands implicitly uses r0 and z,
none of which are counted.

x,y,z are separate entities in the symbol table and are
counted separately from r26..r31 here.

.dseg memory usage only counts static data declared with .byte

ATmega32 register use summary:
r0 :   2 r1 :   0 r2 :   0 r3 :   0 r4 :  12 r5 :   6 r6 :   0 r7 :   0 
r8 :   0 r9 :   0 r10:   0 r11:   0 r12:   0 r13:   0 r14:   0 r15:   0 
r16:  14 r17:  15 r18:   2 r19:   5 r20:   0 r21:   0 r22:   0 r23:   0 
r24:   6 r25:   2 r26:  16 r27:  10 r28:   2 r29:   1 r30:  78 r31:  20 
x  :   2 y  :   8 z  :   0 
Registers used: 17 out of 35 (48.6%)

ATmega32 instruction use summary:
.lds  :   0 .lds.l:   0 .sts  :   0 .sts.l:   0 adc   :   0 add   :   0 
adiw  :   2 and   :   2 andi  :   7 asr   :   6 bclr  :   0 bld   :   0 
brbc  :   0 brbs  :   0 brcc  :   0 brcs  :   0 break :   0 breq  :   1 
brge  :   0 brhc  :   0 brhs  :   0 brid  :   0 brie  :   0 brlo  :   1 
brlt  :   0 brmi  :   0 brne  :  15 brpl  :   0 brsh  :   5 brtc  :   1 
brts  :   0 brvc  :   0 brvs  :   0 bset  :   0 bst   :   0 call  :   0 
cbi   :  17 cbr   :   0 clc   :   0 clh   :   0 cli   :   1 cln   :   0 
clr   :   8 cls   :   0 clt   :   1 clv   :   0 clz   :   0 com   :   0 
cp    :   8 cpc   :   0 cpi   :   9 cpse  :   0 dec   :   1 des   :   0 
eor   :   1 fmul  :   0 fmuls :   0 fmulsu:   0 icall :   0 ijmp  :   0 
in    :   0 inc   :   6 jmp   :  22 ld    :   1 ldd   :   3 ldi   :  58 
lds   :   0 lpm   :   0 lsl   :   0 lsr   :   2 mov   :  14 movw  :   0 
mul   :   0 muls  :   0 mulsu :   0 neg   :   2 nop   :   0 or    :   1 
ori   :   0 out   :  14 pop   :   0 push  :   0 rcall :  30 ret   :   9 
reti  :   0 rjmp  :  23 rol   :   0 ror   :   8 sbc   :   0 sbci  :   1 
sbi   :  17 sbic  :   1 sbis  :   0 sbiw  :   3 sbr   :   0 sbrc  :   1 
sbrs  :   1 sec   :   0 seh   :   0 sei   :   0 sen   :   0 ser   :   0 
ses   :   0 set   :   1 sev   :   0 sez   :   0 sleep :   0 spm   :   0 
st    :   6 std   :   0 sts   :   0 sub   :   0 subi  :   0 swap  :   0 
tst   :   0 wdr   :   1 
Instructions used: 40 out of 116 (34.5%)

ATmega32 memory use summary [bytes]:
Segment   Begin    End      Code   Data   Used    Size   Use%
---------------------------------------------------------------
[.cseg] 0x000000 0x00029a    666      0    666   32768   2.0%
[.dseg] 0x000060 0x000260      0      0      0    2048   0.0%
[.eseg] 0x000000 0x000000      0      0      0    1024   0.0%

Assembly complete, 0 errors, 2 warnings
